<?xml version="1.0" encoding="UTF-8"?>
<!-- Generated by org.testng.reporters.JUnitXMLReporter -->
<testsuite ignored="0" hostname="INSISCPLT-5512" failures="0" tests="8" name="Default test" time="88.969" errors="0" timestamp="2023-10-11T16:09:50 IST">
  <testcase classname="TestCase.TC01" name="VerifyLogin" time="3.51"/>
  <testcase classname="TestCase.TC01" name="ProductDetails" time="5.893"/>
  <testcase classname="TestCase.TC01" name="ViewProduct1" time="2.784"/>
  <testcase classname="TestCase.TC01" name="placeorder" time="3.863"/>
  <testcase classname="TestCase.TC01" name="ViewContact" time="2.384"/>
  <testcase classname="TestCase.TC01" name="ViewVideo" time="5.964"/>
  <testcase classname="TestCase.TC01" name="windowHandle" time="4.852"/>
  <testcase classname="TestCase.TC01" name="screenShot" time="2.817"/>
</testsuite> <!-- Default test -->
