<?xml version="1.0" encoding="UTF-8"?>
<testng-results ignored="0" total="8" passed="8" failed="0" skipped="0">
  <reporter-output>
  </reporter-output>
  <suite started-at="2023-10-11T16:08:21 IST" name="Default suite" finished-at="2023-10-11T16:09:50 IST" duration-ms="88969">
    <groups>
    </groups>
    <test started-at="2023-10-11T16:08:21 IST" name="Default test" finished-at="2023-10-11T16:09:50 IST" duration-ms="88969">
      <class name="TestCase.TC01">
        <test-method is-config="true" signature="BeforeMethod()[pri:0, instance:TestCase.TC01@2cf3d63b]" started-at="2023-10-11T16:08:21 IST" name="BeforeMethod" finished-at="2023-10-11T16:08:30 IST" duration-ms="8855" status="PASS">
          <reporter-output>
          </reporter-output>
        </test-method> <!-- BeforeMethod -->
        <test-method signature="VerifyLogin()[pri:0, instance:TestCase.TC01@2cf3d63b]" started-at="2023-10-11T16:08:30 IST" name="VerifyLogin" finished-at="2023-10-11T16:08:34 IST" duration-ms="3510" status="PASS">
          <reporter-output>
          </reporter-output>
        </test-method> <!-- VerifyLogin -->
        <test-method is-config="true" signature="BeforeMethod()[pri:0, instance:TestCase.TC01@2cf3d63b]" started-at="2023-10-11T16:08:34 IST" name="BeforeMethod" finished-at="2023-10-11T16:08:40 IST" duration-ms="6099" status="PASS">
          <reporter-output>
          </reporter-output>
        </test-method> <!-- BeforeMethod -->
        <test-method signature="ProductDetails()[pri:1, instance:TestCase.TC01@2cf3d63b]" started-at="2023-10-11T16:08:40 IST" name="ProductDetails" finished-at="2023-10-11T16:08:46 IST" duration-ms="5893" status="PASS">
          <reporter-output>
          </reporter-output>
        </test-method> <!-- ProductDetails -->
        <test-method is-config="true" signature="BeforeMethod()[pri:0, instance:TestCase.TC01@2cf3d63b]" started-at="2023-10-11T16:08:46 IST" name="BeforeMethod" finished-at="2023-10-11T16:08:52 IST" duration-ms="6511" status="PASS">
          <reporter-output>
          </reporter-output>
        </test-method> <!-- BeforeMethod -->
        <test-method signature="ViewProduct1()[pri:2, instance:TestCase.TC01@2cf3d63b]" started-at="2023-10-11T16:08:52 IST" name="ViewProduct1" finished-at="2023-10-11T16:08:55 IST" duration-ms="2784" status="PASS">
          <reporter-output>
          </reporter-output>
        </test-method> <!-- ViewProduct1 -->
        <test-method is-config="true" signature="BeforeMethod()[pri:0, instance:TestCase.TC01@2cf3d63b]" started-at="2023-10-11T16:08:55 IST" name="BeforeMethod" finished-at="2023-10-11T16:09:03 IST" duration-ms="7916" status="PASS">
          <reporter-output>
          </reporter-output>
        </test-method> <!-- BeforeMethod -->
        <test-method signature="placeorder()[pri:3, instance:TestCase.TC01@2cf3d63b]" started-at="2023-10-11T16:09:03 IST" name="placeorder" finished-at="2023-10-11T16:09:07 IST" duration-ms="3863" status="PASS">
          <reporter-output>
          </reporter-output>
        </test-method> <!-- placeorder -->
        <test-method is-config="true" signature="BeforeMethod()[pri:0, instance:TestCase.TC01@2cf3d63b]" started-at="2023-10-11T16:09:07 IST" name="BeforeMethod" finished-at="2023-10-11T16:09:13 IST" duration-ms="6726" status="PASS">
          <reporter-output>
          </reporter-output>
        </test-method> <!-- BeforeMethod -->
        <test-method signature="ViewContact()[pri:4, instance:TestCase.TC01@2cf3d63b]" started-at="2023-10-11T16:09:13 IST" name="ViewContact" finished-at="2023-10-11T16:09:16 IST" duration-ms="2384" status="PASS">
          <reporter-output>
          </reporter-output>
        </test-method> <!-- ViewContact -->
        <test-method is-config="true" signature="BeforeMethod()[pri:0, instance:TestCase.TC01@2cf3d63b]" started-at="2023-10-11T16:09:16 IST" name="BeforeMethod" finished-at="2023-10-11T16:09:23 IST" duration-ms="6773" status="PASS">
          <reporter-output>
          </reporter-output>
        </test-method> <!-- BeforeMethod -->
        <test-method signature="ViewVideo()[pri:5, instance:TestCase.TC01@2cf3d63b]" started-at="2023-10-11T16:09:23 IST" name="ViewVideo" finished-at="2023-10-11T16:09:28 IST" duration-ms="5964" status="PASS">
          <reporter-output>
          </reporter-output>
        </test-method> <!-- ViewVideo -->
        <test-method is-config="true" signature="BeforeMethod()[pri:0, instance:TestCase.TC01@2cf3d63b]" started-at="2023-10-11T16:09:28 IST" name="BeforeMethod" finished-at="2023-10-11T16:09:35 IST" duration-ms="6765" status="PASS">
          <reporter-output>
          </reporter-output>
        </test-method> <!-- BeforeMethod -->
        <test-method signature="windowHandle()[pri:6, instance:TestCase.TC01@2cf3d63b]" started-at="2023-10-11T16:09:35 IST" name="windowHandle" finished-at="2023-10-11T16:09:40 IST" duration-ms="4852" status="PASS">
          <reporter-output>
          </reporter-output>
        </test-method> <!-- windowHandle -->
        <test-method is-config="true" signature="BeforeMethod()[pri:0, instance:TestCase.TC01@2cf3d63b]" started-at="2023-10-11T16:09:40 IST" name="BeforeMethod" finished-at="2023-10-11T16:09:47 IST" duration-ms="7186" status="PASS">
          <reporter-output>
          </reporter-output>
        </test-method> <!-- BeforeMethod -->
        <test-method signature="screenShot()[pri:7, instance:TestCase.TC01@2cf3d63b]" started-at="2023-10-11T16:09:47 IST" name="screenShot" finished-at="2023-10-11T16:09:50 IST" duration-ms="2817" status="PASS">
          <reporter-output>
          </reporter-output>
        </test-method> <!-- screenShot -->
      </class> <!-- TestCase.TC01 -->
    </test> <!-- Default test -->
  </suite> <!-- Default suite -->
</testng-results>
